mktextfm ecrm1000
mktextfm phvr8t
mktextfm phvb8t
mktextfm nullfont
mktextfm phvb8t
mktextfm nullfont
mktextfm phvr8t
mktextfm phvr8t
mktextfm phvr8t
mktextfm phvr8t
mktextfm phvr8t
mktextfm phvb8t
mktextfm nullfont
mktextfm phvr8t
mktextfm phvb8t
mktextfm nullfont
mktextfm phvb8t
mktextfm nullfont
mktextfm pcrr8t
mktextfm pcrr8t
mktextfm phvb8t
mktextfm nullfont
mktextfm phvr8c
mktextfm phvbo8t
mktextfm nullfont
mktextfm nullfont
mktextfm pcrb8t
mktextfm nullfont
mktextfm phvro8t
mktextfm nullfont
mktextfm pcrbo8t
mktextfm nullfont
mktextfm nullfont
